# JRE version: OpenJDK Runtime Environment (11.0.11+9) (build 11.0.11+9-b60-7590822)
# Java VM: OpenJDK 64-Bit Server VM (11.0.11+9-b60-7590822, mixed mode, tiered, compressed oops, g1 gc, windows-amd64)
Heap:
 garbage-first heap   total 195584K, used 130571K [0x0000000080000000, 0x0000000100000000)
  region size 1024K, 6 young (6144K), 4 survivors (4096K)
 Metaspace       used 120633K, capacity 124022K, committed 124124K, reserved 1157120K
  class space    used 15445K, capacity 16724K, committed 16768K, reserved 1048576K
GC Heap History (20 events):
Event: 487.553 GC heap before
{Heap before GC invocations=71 (full 0):
 garbage-first heap   total 195584K, used 163179K [0x0000000080000000, 0x0000000100000000)
  region size 1024K, 27 young (27648K), 3 survivors (3072K)
 Metaspace       used 108411K, capacity 111168K, committed 111452K, reserved 1146880K
  class space    used 13491K, capacity 14519K, committed 14592K, reserved 1048576K
}
Event: 487.559 GC heap after
{Heap after GC invocations=72 (full 0):
 garbage-first heap   total 195584K, used 141055K [0x0000000080000000, 0x0000000100000000)
  region size 1024K, 4 young (4096K), 4 survivors (4096K)
 Metaspace       used 108411K, capacity 111168K, committed 111452K, reserved 1146880K
  class space    used 13491K, capacity 14519K, committed 14592K, reserved 1048576K
}
Event: 492.925 GC heap before
{Heap before GC invocations=72 (full 0):
 garbage-first heap   total 195584K, used 164607K [0x0000000080000000, 0x0000000100000000)
  region size 1024K, 28 young (28672K), 4 survivors (4096K)
 Metaspace       used 108639K, capacity 111414K, committed 111708K, reserved 1146880K
  class space    used 13516K, capacity 14533K, committed 14592K, reserved 1048576K
}
Event: 492.932 GC heap after
{Heap after GC invocations=73 (full 0):
 garbage-first heap   total 195584K, used 141609K [0x0000000080000000, 0x0000000100000000)
  region size 1024K, 3 young (3072K), 3 survivors (3072K)
 Metaspace       used 108639K, capacity 111414K, committed 111708K, reserved 1146880K
  class space    used 13516K, capacity 14533K, committed 14592K, reserved 1048576K
}
Event: 493.747 GC heap before
{Heap before GC invocations=73 (full 0):
 garbage-first heap   total 195584K, used 167209K [0x0000000080000000, 0x0000000100000000)
  region size 1024K, 27 young (27648K), 3 survivors (3072K)
 Metaspace       used 111534K, capacity 114438K, committed 114652K, reserved 1148928K
  class space    used 13903K, capacity 14953K, committed 14976K, reserved 1048576K
}
Event: 493.753 GC heap after
{Heap after GC invocations=74 (full 0):
 garbage-first heap   total 195584K, used 146136K [0x0000000080000000, 0x0000000100000000)
  region size 1024K, 4 young (4096K), 4 survivors (4096K)
 Metaspace       used 111534K, capacity 114438K, committed 114652K, reserved 1148928K
  class space    used 13903K, capacity 14953K, committed 14976K, reserved 1048576K
}
Event: 494.296 GC heap before
{Heap before GC invocations=74 (full 0):
 garbage-first heap   total 195584K, used 167640K [0x0000000080000000, 0x0000000100000000)
  region size 1024K, 25 young (25600K), 4 survivors (4096K)
 Metaspace       used 117528K, capacity 120713K, committed 120924K, reserved 1155072K
  class space    used 14877K, capacity 16070K, committed 16128K, reserved 1048576K
}
Event: 494.305 GC heap after
{Heap after GC invocations=75 (full 0):
 garbage-first heap   total 195584K, used 147131K [0x0000000080000000, 0x0000000100000000)
  region size 1024K, 1 young (1024K), 1 survivors (1024K)
 Metaspace       used 117528K, capacity 120713K, committed 120924K, reserved 1155072K
  class space    used 14877K, capacity 16070K, committed 16128K, reserved 1048576K
}
Event: 494.813 GC heap before
{Heap before GC invocations=75 (full 0):
 garbage-first heap   total 195584K, used 167611K [0x0000000080000000, 0x0000000100000000)
  region size 1024K, 22 young (22528K), 1 survivors (1024K)
 Metaspace       used 120437K, capacity 123827K, committed 123868K, reserved 1157120K
  class space    used 15446K, capacity 16727K, committed 16768K, reserved 1048576K
}
Event: 494.818 GC heap after
{Heap after GC invocations=76 (full 0):
 garbage-first heap   total 195584K, used 147877K [0x0000000080000000, 0x0000000100000000)
  region size 1024K, 2 young (2048K), 2 survivors (2048K)
 Metaspace       used 120437K, capacity 123827K, committed 123868K, reserved 1157120K
  class space    used 15446K, capacity 16727K, committed 16768K, reserved 1048576K
}
Event: 494.962 GC heap before
{Heap before GC invocations=76 (full 0):
 garbage-first heap   total 195584K, used 163237K [0x0000000080000000, 0x0000000100000000)
  region size 1024K, 12 young (12288K), 2 survivors (2048K)
 Metaspace       used 120441K, capacity 123828K, committed 124124K, reserved 1157120K
  class space    used 15446K, capacity 16727K, committed 16768K, reserved 1048576K
}
Event: 494.967 GC heap after
{Heap after GC invocations=77 (full 0):
 garbage-first heap   total 195584K, used 154443K [0x0000000080000000, 0x0000000100000000)
  region size 1024K, 2 young (2048K), 2 survivors (2048K)
 Metaspace       used 120441K, capacity 123828K, committed 124124K, reserved 1157120K
  class space    used 15446K, capacity 16727K, committed 16768K, reserved 1048576K
}
Event: 757.113 GC heap before
{Heap before GC invocations=78 (full 0):
 garbage-first heap   total 195584K, used 171851K [0x0000000080000000, 0x0000000100000000)
  region size 1024K, 16 young (16384K), 2 survivors (2048K)
 Metaspace       used 120576K, capacity 123955K, committed 124124K, reserved 1157120K
  class space    used 15445K, capacity 16724K, committed 16768K, reserved 1048576K
}
Event: 757.119 GC heap after
{Heap after GC invocations=79 (full 0):
 garbage-first heap   total 195584K, used 142686K [0x0000000080000000, 0x0000000100000000)
  region size 1024K, 2 young (2048K), 2 survivors (2048K)
 Metaspace       used 120576K, capacity 123955K, committed 124124K, reserved 1157120K
  class space    used 15445K, capacity 16724K, committed 16768K, reserved 1048576K
}
Event: 757.353 GC heap before
{Heap before GC invocations=79 (full 0):
 garbage-first heap   total 195584K, used 149854K [0x0000000080000000, 0x0000000100000000)
  region size 1024K, 9 young (9216K), 2 survivors (2048K)
 Metaspace       used 120583K, capacity 123955K, committed 124124K, reserved 1157120K
  class space    used 15445K, capacity 16724K, committed 16768K, reserved 1048576K
}
Event: 757.372 GC heap after
{Heap after GC invocations=80 (full 0):
 garbage-first heap   total 195584K, used 125372K [0x0000000080000000, 0x0000000100000000)
  region size 1024K, 2 young (2048K), 2 survivors (2048K)
 Metaspace       used 120583K, capacity 123955K, committed 124124K, reserved 1157120K
  class space    used 15445K, capacity 16724K, committed 16768K, reserved 1048576K
}
Event: 757.465 GC heap before
{Heap before GC invocations=80 (full 0):
 garbage-first heap   total 195584K, used 131516K [0x0000000080000000, 0x0000000100000000)
  region size 1024K, 9 young (9216K), 2 survivors (2048K)
 Metaspace       used 120583K, capacity 123955K, committed 124124K, reserved 1157120K
  class space    used 15445K, capacity 16724K, committed 16768K, reserved 1048576K
}
Event: 757.496 GC heap after
{Heap after GC invocations=81 (full 0):
 garbage-first heap   total 195584K, used 119884K [0x0000000080000000, 0x0000000100000000)
  region size 1024K, 1 young (1024K), 1 survivors (1024K)
 Metaspace       used 120583K, capacity 123955K, committed 124124K, reserved 1157120K
  class space    used 15445K, capacity 16724K, committed 16768K, reserved 1048576K
}
Event: 758.125 GC heap before
{Heap before GC invocations=81 (full 0):
 garbage-first heap   total 195584K, used 140364K [0x0000000080000000, 0x0000000100000000)
  region size 1024K, 23 young (23552K), 1 survivors (1024K)
 Metaspace       used 120633K, capacity 124022K, committed 124124K, reserved 1157120K
  class space    used 15445K, capacity 16724K, committed 16768K, reserved 1048576K
}
Event: 758.147 GC heap after
{Heap after GC invocations=82 (full 0):
 garbage-first heap   total 195584K, used 123403K [0x0000000080000000, 0x0000000100000000)
  region size 1024K, 4 young (4096K), 4 survivors (4096K)
 Metaspace       used 120633K, capacity 124022K, committed 124124K, reserved 1157120K
  class space    used 15445K, capacity 16724K, committed 16768K, reserved 1048576K
}

