# JRE version: OpenJDK Runtime Environment (11.0.11+9) (build 11.0.11+9-b60-7590822)
# Java VM: OpenJDK 64-Bit Server VM (11.0.11+9-b60-7590822, mixed mode, tiered, compressed oops, g1 gc, windows-amd64)
Heap:
 garbage-first heap   total 270336K, used 212464K [0x0000000080000000, 0x0000000100000000)
  region size 1024K, 61 young (62464K), 5 survivors (5120K)
 Metaspace       used 122874K, capacity 125988K, committed 126336K, reserved 1159168K
  class space    used 15292K, capacity 16409K, committed 16512K, reserved 1048576K
GC Heap History (20 events):
Event: 36.858 GC heap after
{Heap after GC invocations=57 (full 0):
 garbage-first heap   total 187392K, used 128252K [0x0000000080000000, 0x0000000100000000)
  region size 1024K, 3 young (3072K), 3 survivors (3072K)
 Metaspace       used 94407K, capacity 96739K, committed 97024K, reserved 1134592K
  class space    used 11890K, capacity 12717K, committed 12800K, reserved 1048576K
}
Event: 37.163 GC heap before
{Heap before GC invocations=57 (full 0):
 garbage-first heap   total 187392K, used 144636K [0x0000000080000000, 0x0000000100000000)
  region size 1024K, 20 young (20480K), 3 survivors (3072K)
 Metaspace       used 95133K, capacity 97356K, committed 97664K, reserved 1134592K
  class space    used 11983K, capacity 12791K, committed 12928K, reserved 1048576K
}
Event: 37.169 GC heap after
{Heap after GC invocations=58 (full 0):
 garbage-first heap   total 187392K, used 130281K [0x0000000080000000, 0x0000000100000000)
  region size 1024K, 2 young (2048K), 2 survivors (2048K)
 Metaspace       used 95133K, capacity 97356K, committed 97664K, reserved 1134592K
  class space    used 11983K, capacity 12791K, committed 12928K, reserved 1048576K
}
Event: 37.927 GC heap before
{Heap before GC invocations=58 (full 0):
 garbage-first heap   total 187392K, used 147689K [0x0000000080000000, 0x0000000100000000)
  region size 1024K, 20 young (20480K), 2 survivors (2048K)
 Metaspace       used 95833K, capacity 98202K, committed 98432K, reserved 1134592K
  class space    used 12054K, capacity 12872K, committed 12928K, reserved 1048576K
}
Event: 37.933 GC heap after
{Heap after GC invocations=59 (full 0):
 garbage-first heap   total 187392K, used 131588K [0x0000000080000000, 0x0000000100000000)
  region size 1024K, 2 young (2048K), 2 survivors (2048K)
 Metaspace       used 95833K, capacity 98202K, committed 98432K, reserved 1134592K
  class space    used 12054K, capacity 12872K, committed 12928K, reserved 1048576K
}
Event: 38.372 GC heap before
{Heap before GC invocations=59 (full 0):
 garbage-first heap   total 187392K, used 150020K [0x0000000080000000, 0x0000000100000000)
  region size 1024K, 21 young (21504K), 2 survivors (2048K)
 Metaspace       used 98778K, capacity 101245K, committed 101504K, reserved 1136640K
  class space    used 12483K, capacity 13364K, committed 13440K, reserved 1048576K
}
Event: 38.379 GC heap after
{Heap after GC invocations=60 (full 0):
 garbage-first heap   total 225280K, used 132502K [0x0000000080000000, 0x0000000100000000)
  region size 1024K, 3 young (3072K), 3 survivors (3072K)
 Metaspace       used 98778K, capacity 101245K, committed 101504K, reserved 1136640K
  class space    used 12483K, capacity 13364K, committed 13440K, reserved 1048576K
}
Event: 38.922 GC heap before
{Heap before GC invocations=60 (full 0):
 garbage-first heap   total 225280K, used 167318K [0x0000000080000000, 0x0000000100000000)
  region size 1024K, 38 young (38912K), 3 survivors (3072K)
 Metaspace       used 99758K, capacity 102287K, committed 102400K, reserved 1138688K
  class space    used 12623K, capacity 13496K, committed 13568K, reserved 1048576K
}
Event: 38.935 GC heap after
{Heap after GC invocations=61 (full 0):
 garbage-first heap   total 225280K, used 134914K [0x0000000080000000, 0x0000000100000000)
  region size 1024K, 5 young (5120K), 5 survivors (5120K)
 Metaspace       used 99758K, capacity 102287K, committed 102400K, reserved 1138688K
  class space    used 12623K, capacity 13496K, committed 13568K, reserved 1048576K
}
Event: 39.386 GC heap before
{Heap before GC invocations=61 (full 0):
 garbage-first heap   total 225280K, used 172802K [0x0000000080000000, 0x0000000100000000)
  region size 1024K, 42 young (43008K), 5 survivors (5120K)
 Metaspace       used 102614K, capacity 105135K, committed 105344K, reserved 1140736K
  class space    used 12971K, capacity 13848K, committed 13952K, reserved 1048576K
}
Event: 39.396 GC heap after
{Heap after GC invocations=62 (full 0):
 garbage-first heap   total 225280K, used 136089K [0x0000000080000000, 0x0000000100000000)
  region size 1024K, 4 young (4096K), 4 survivors (4096K)
 Metaspace       used 102614K, capacity 105135K, committed 105344K, reserved 1140736K
  class space    used 12971K, capacity 13848K, committed 13952K, reserved 1048576K
}
Event: 40.105 GC heap before
{Heap before GC invocations=62 (full 0):
 garbage-first heap   total 225280K, used 182169K [0x0000000080000000, 0x0000000100000000)
  region size 1024K, 42 young (43008K), 4 survivors (4096K)
 Metaspace       used 104854K, capacity 107328K, committed 107648K, reserved 1142784K
  class space    used 13221K, capacity 14086K, committed 14208K, reserved 1048576K
}
Event: 40.114 GC heap after
{Heap after GC invocations=63 (full 0):
 garbage-first heap   total 225280K, used 138840K [0x0000000080000000, 0x0000000100000000)
  region size 1024K, 4 young (4096K), 4 survivors (4096K)
 Metaspace       used 104854K, capacity 107328K, committed 107648K, reserved 1142784K
  class space    used 13221K, capacity 14086K, committed 14208K, reserved 1048576K
}
Event: 40.777 GC heap before
{Heap before GC invocations=63 (full 0):
 garbage-first heap   total 225280K, used 178776K [0x0000000080000000, 0x0000000100000000)
  region size 1024K, 43 young (44032K), 4 survivors (4096K)
 Metaspace       used 105877K, capacity 108444K, committed 108672K, reserved 1142784K
  class space    used 13365K, capacity 14340K, committed 14464K, reserved 1048576K
}
Event: 40.790 GC heap after
{Heap after GC invocations=64 (full 0):
 garbage-first heap   total 270336K, used 141868K [0x0000000080000000, 0x0000000100000000)
  region size 1024K, 6 young (6144K), 6 survivors (6144K)
 Metaspace       used 105877K, capacity 108444K, committed 108672K, reserved 1142784K
  class space    used 13365K, capacity 14340K, committed 14464K, reserved 1048576K
}
Event: 579.816 GC heap before
{Heap before GC invocations=64 (full 0):
 garbage-first heap   total 270336K, used 197164K [0x0000000080000000, 0x0000000100000000)
  region size 1024K, 61 young (62464K), 6 survivors (6144K)
 Metaspace       used 110950K, capacity 113848K, committed 114048K, reserved 1148928K
  class space    used 13852K, capacity 14927K, committed 14976K, reserved 1048576K
}
Event: 579.831 GC heap after
{Heap after GC invocations=65 (full 0):
 garbage-first heap   total 270336K, used 145533K [0x0000000080000000, 0x0000000100000000)
  region size 1024K, 7 young (7168K), 7 survivors (7168K)
 Metaspace       used 110950K, capacity 113848K, committed 114048K, reserved 1148928K
  class space    used 13852K, capacity 14927K, committed 14976K, reserved 1048576K
}
Event: 581.754 GC heap before
{Heap before GC invocations=65 (full 0):
 garbage-first heap   total 270336K, used 204925K [0x0000000080000000, 0x0000000100000000)
  region size 1024K, 63 young (64512K), 7 survivors (7168K)
 Metaspace       used 117399K, capacity 120431K, committed 120704K, reserved 1155072K
  class space    used 14585K, capacity 15674K, committed 15744K, reserved 1048576K
}
Event: 581.769 GC heap after
{Heap after GC invocations=66 (full 0):
 garbage-first heap   total 270336K, used 154096K [0x0000000080000000, 0x0000000100000000)
  region size 1024K, 8 young (8192K), 8 survivors (8192K)
 Metaspace       used 117399K, capacity 120431K, committed 120704K, reserved 1155072K
  class space    used 14585K, capacity 15674K, committed 15744K, reserved 1048576K
}
Event: 582.940 GC heap before
{Heap before GC invocations=66 (full 0):
 garbage-first heap   total 270336K, used 211440K [0x0000000080000000, 0x0000000100000000)
  region size 1024K, 64 young (65536K), 8 survivors (8192K)
 Metaspace       used 122874K, capacity 125988K, committed 126336K, reserved 1159168K
  class space    used 15292K, capacity 16409K, committed 16512K, reserved 1048576K
}

