# JRE version: OpenJDK Runtime Environment (11.0.11+9) (build 11.0.11+9-b60-7590822)
# Java VM: OpenJDK 64-Bit Server VM (11.0.11+9-b60-7590822, mixed mode, tiered, compressed oops, g1 gc, windows-amd64)
Heap:
 garbage-first heap   total 187392K, used 137866K [0x0000000080000000, 0x0000000100000000)
  region size 1024K, 9 young (9216K), 3 survivors (3072K)
 Metaspace       used 129889K, capacity 133470K, committed 136284K, reserved 1167360K
  class space    used 16413K, capacity 17829K, committed 18432K, reserved 1048576K
GC Heap History (20 events):
Event: 311.629 GC heap before
{Heap before GC invocations=73 (full 0):
 garbage-first heap   total 187392K, used 162283K [0x0000000080000000, 0x0000000100000000)
  region size 1024K, 9 young (9216K), 2 survivors (2048K)
 Metaspace       used 134067K, capacity 137779K, committed 137820K, reserved 1169408K
  class space    used 16908K, capacity 18393K, committed 18432K, reserved 1048576K
}
Event: 311.642 GC heap after
{Heap after GC invocations=74 (full 0):
 garbage-first heap   total 187392K, used 155526K [0x0000000080000000, 0x0000000100000000)
  region size 1024K, 1 young (1024K), 1 survivors (1024K)
 Metaspace       used 134067K, capacity 137779K, committed 137820K, reserved 1169408K
  class space    used 16908K, capacity 18393K, committed 18432K, reserved 1048576K
}
Event: 312.025 GC heap before
{Heap before GC invocations=74 (full 0):
 garbage-first heap   total 187392K, used 164742K [0x0000000080000000, 0x0000000100000000)
  region size 1024K, 9 young (9216K), 1 survivors (1024K)
 Metaspace       used 134099K, capacity 137782K, committed 138076K, reserved 1169408K
  class space    used 16908K, capacity 18393K, committed 18432K, reserved 1048576K
}
Event: 312.029 GC heap after
{Heap after GC invocations=75 (full 0):
 garbage-first heap   total 187392K, used 159510K [0x0000000080000000, 0x0000000100000000)
  region size 1024K, 2 young (2048K), 2 survivors (2048K)
 Metaspace       used 134099K, capacity 137782K, committed 138076K, reserved 1169408K
  class space    used 16908K, capacity 18393K, committed 18432K, reserved 1048576K
}
Event: 312.265 GC heap before
{Heap before GC invocations=75 (full 0):
 garbage-first heap   total 187392K, used 165654K [0x0000000080000000, 0x0000000100000000)
  region size 1024K, 9 young (9216K), 2 survivors (2048K)
 Metaspace       used 134296K, capacity 138005K, committed 138076K, reserved 1169408K
  class space    used 16910K, capacity 18396K, committed 18432K, reserved 1048576K
}
Event: 312.267 GC heap after
{Heap after GC invocations=76 (full 0):
 garbage-first heap   total 187392K, used 159688K [0x0000000080000000, 0x0000000100000000)
  region size 1024K, 1 young (1024K), 1 survivors (1024K)
 Metaspace       used 134296K, capacity 138005K, committed 138076K, reserved 1169408K
  class space    used 16910K, capacity 18396K, committed 18432K, reserved 1048576K
}
Event: 312.634 GC heap before
{Heap before GC invocations=76 (full 0):
 garbage-first heap   total 187392K, used 166856K [0x0000000080000000, 0x0000000100000000)
  region size 1024K, 9 young (9216K), 1 survivors (1024K)
 Metaspace       used 134338K, capacity 138069K, committed 138332K, reserved 1169408K
  class space    used 16910K, capacity 18396K, committed 18432K, reserved 1048576K
}
Event: 312.638 GC heap after
{Heap after GC invocations=77 (full 0):
 garbage-first heap   total 187392K, used 159758K [0x0000000080000000, 0x0000000100000000)
  region size 1024K, 1 young (1024K), 1 survivors (1024K)
 Metaspace       used 134338K, capacity 138069K, committed 138332K, reserved 1169408K
  class space    used 16910K, capacity 18396K, committed 18432K, reserved 1048576K
}
Event: 312.867 GC heap before
{Heap before GC invocations=77 (full 0):
 garbage-first heap   total 187392K, used 166926K [0x0000000080000000, 0x0000000100000000)
  region size 1024K, 9 young (9216K), 1 survivors (1024K)
 Metaspace       used 134342K, capacity 138069K, committed 138332K, reserved 1169408K
  class space    used 16910K, capacity 18396K, committed 18432K, reserved 1048576K
}
Event: 312.871 GC heap after
{Heap after GC invocations=78 (full 0):
 garbage-first heap   total 187392K, used 160079K [0x0000000080000000, 0x0000000100000000)
  region size 1024K, 1 young (1024K), 1 survivors (1024K)
 Metaspace       used 134342K, capacity 138069K, committed 138332K, reserved 1169408K
  class space    used 16910K, capacity 18396K, committed 18432K, reserved 1048576K
}
Event: 494.132 GC heap before
{Heap before GC invocations=79 (full 0):
 garbage-first heap   total 187392K, used 180559K [0x0000000080000000, 0x0000000100000000)
  region size 1024K, 9 young (9216K), 1 survivors (1024K)
 Metaspace       used 129440K, capacity 132930K, committed 136284K, reserved 1167360K
  class space    used 16361K, capacity 17743K, committed 18432K, reserved 1048576K
}
Event: 494.136 GC heap after
{Heap after GC invocations=80 (full 0):
 garbage-first heap   total 187392K, used 156636K [0x0000000080000000, 0x0000000100000000)
  region size 1024K, 1 young (1024K), 1 survivors (1024K)
 Metaspace       used 129440K, capacity 132930K, committed 136284K, reserved 1167360K
  class space    used 16361K, capacity 17743K, committed 18432K, reserved 1048576K
}
Event: 764.290 GC heap before
{Heap before GC invocations=80 (full 0):
 garbage-first heap   total 187392K, used 164828K [0x0000000080000000, 0x0000000100000000)
  region size 1024K, 9 young (9216K), 1 survivors (1024K)
 Metaspace       used 129678K, capacity 133201K, committed 136284K, reserved 1167360K
  class space    used 16405K, capacity 17815K, committed 18432K, reserved 1048576K
}
Event: 764.301 GC heap after
{Heap after GC invocations=81 (full 0):
 garbage-first heap   total 187392K, used 138246K [0x0000000080000000, 0x0000000100000000)
  region size 1024K, 1 young (1024K), 1 survivors (1024K)
 Metaspace       used 129678K, capacity 133201K, committed 136284K, reserved 1167360K
  class space    used 16405K, capacity 17815K, committed 18432K, reserved 1048576K
}
Event: 939.617 GC heap before
{Heap before GC invocations=81 (full 0):
 garbage-first heap   total 187392K, used 145414K [0x0000000080000000, 0x0000000100000000)
  region size 1024K, 9 young (9216K), 1 survivors (1024K)
 Metaspace       used 129760K, capacity 133301K, committed 136284K, reserved 1167360K
  class space    used 16409K, capacity 17822K, committed 18432K, reserved 1048576K
}
Event: 939.652 GC heap after
{Heap after GC invocations=82 (full 0):
 garbage-first heap   total 187392K, used 130923K [0x0000000080000000, 0x0000000100000000)
  region size 1024K, 2 young (2048K), 2 survivors (2048K)
 Metaspace       used 129760K, capacity 133301K, committed 136284K, reserved 1167360K
  class space    used 16409K, capacity 17822K, committed 18432K, reserved 1048576K
}
Event: 940.209 GC heap before
{Heap before GC invocations=82 (full 0):
 garbage-first heap   total 187392K, used 138091K [0x0000000080000000, 0x0000000100000000)
  region size 1024K, 9 young (9216K), 2 survivors (2048K)
 Metaspace       used 129765K, capacity 133301K, committed 136284K, reserved 1167360K
  class space    used 16409K, capacity 17822K, committed 18432K, reserved 1048576K
}
Event: 940.236 GC heap after
{Heap after GC invocations=83 (full 0):
 garbage-first heap   total 187392K, used 129882K [0x0000000080000000, 0x0000000100000000)
  region size 1024K, 2 young (2048K), 2 survivors (2048K)
 Metaspace       used 129765K, capacity 133301K, committed 136284K, reserved 1167360K
  class space    used 16409K, capacity 17822K, committed 18432K, reserved 1048576K
}
Event: 940.732 GC heap before
{Heap before GC invocations=83 (full 0):
 garbage-first heap   total 187392K, used 151386K [0x0000000080000000, 0x0000000100000000)
  region size 1024K, 23 young (23552K), 2 survivors (2048K)
 Metaspace       used 129845K, capacity 133399K, committed 136284K, reserved 1167360K
  class space    used 16412K, capacity 17828K, committed 18432K, reserved 1048576K
}
Event: 940.750 GC heap after
{Heap after GC invocations=84 (full 0):
 garbage-first heap   total 187392K, used 132746K [0x0000000080000000, 0x0000000100000000)
  region size 1024K, 3 young (3072K), 3 survivors (3072K)
 Metaspace       used 129845K, capacity 133399K, committed 136284K, reserved 1167360K
  class space    used 16412K, capacity 17828K, committed 18432K, reserved 1048576K
}

